[20/01/2021 à 19:46:10] - [INFO] - Je suis prêt !
[20/01/2021 à 19:47:32] - [INFO] - Je suis prêt !
[20/01/2021 à 19:47:37] - [INFO] - Un nouveau membre est là
[20/01/2021 à 19:47:37] - [WARN] - Attention !!
[20/01/2021 à 19:47:37] - [ERROR] - Une erreur est survenue :(
[20/01/2021 à 19:48:37] - [INFO] - Un nouveau membre est là
[20/01/2021 à 19:48:37] - [WARN] - Attention !!
[20/01/2021 à 19:48:37] - [ERROR] - Une erreur est survenue :(
[20/01/2021 à 19:54:11] - [INFO] - Je suis prêt !
[20/01/2021 à 20:06:21] - [INFO] - Je suis prêt !
[20/01/2021 à 20:07:39] - [INFO] - Je suis prêt !
[20/01/2021 à 20:08:13] - [INFO] - Je suis prêt !
[20/01/2021 à 20:15:56] - [INFO] - Je suis prêt !
[20/01/2021 à 20:18:38] - [INFO] - Je suis prêt !
[20/01/2021 à 20:19:11] - [INFO] - Je suis prêt !
[20/01/2021 à 20:53:27] - [ERROR] - Cannot find module 'got'
Require stack:
- C:\BOT\api\kissapi.js
- C:\BOT\commands\divers\kisst2.js
- C:\BOT\node_modules\require-all\index.js
- C:\BOT\node_modules\discord.js-commando\src\registry.js
- C:\BOT\node_modules\discord.js-commando\src\client.js
- C:\BOT\node_modules\discord.js-commando\src\index.js
- C:\BOT\client.js
- C:\BOT\bot.js
[20/01/2021 à 20:55:03] - [ERROR] - Cannot find module 'got'
Require stack:
- C:\BOT\api\kissapi.js
- C:\BOT\commands\divers\kisst2.js
- C:\BOT\node_modules\require-all\index.js
- C:\BOT\node_modules\discord.js-commando\src\registry.js
- C:\BOT\node_modules\discord.js-commando\src\client.js
- C:\BOT\node_modules\discord.js-commando\src\index.js
- C:\BOT\client.js
- C:\BOT\bot.js
[20/01/2021 à 20:59:01] - [INFO] - Je suis prêt !
